Determining if the pthread_create exist failed with the following output:
Change Dir: /opt/svyazcom/ss7_dmp_cnora/ss7_dmp/ss7Cnora_build/CMakeFiles/CMakeTmp

Run Build Command:"/usr/bin/make" "cmTC_629a5/fast"
/usr/bin/make -f CMakeFiles/cmTC_629a5.dir/build.make CMakeFiles/cmTC_629a5.dir/build
make[1]: Entering directory '/opt/svyazcom/ss7_dmp_cnora/ss7_dmp/ss7Cnora_build/CMakeFiles/CMakeTmp'
Building C object CMakeFiles/cmTC_629a5.dir/CheckSymbolExists.c.o
/usr/bin/gcc    -o CMakeFiles/cmTC_629a5.dir/CheckSymbolExists.c.o   -c /opt/svyazcom/ss7_dmp_cnora/ss7_dmp/ss7Cnora_build/CMakeFiles/CMakeTmp/CheckSymbolExists.c
Linking C executable cmTC_629a5
/home/maxim/Downloads/cmake-3.12.0/bin/cmake -E cmake_link_script CMakeFiles/cmTC_629a5.dir/link.txt --verbose=1
/usr/bin/gcc      -rdynamic CMakeFiles/cmTC_629a5.dir/CheckSymbolExists.c.o  -o cmTC_629a5 
CMakeFiles/cmTC_629a5.dir/CheckSymbolExists.c.o: In function `main':
CheckSymbolExists.c:(.text+0x1b): undefined reference to `pthread_create'
collect2: error: ld returned 1 exit status
CMakeFiles/cmTC_629a5.dir/build.make:86: recipe for target 'cmTC_629a5' failed
make[1]: *** [cmTC_629a5] Error 1
make[1]: Leaving directory '/opt/svyazcom/ss7_dmp_cnora/ss7_dmp/ss7Cnora_build/CMakeFiles/CMakeTmp'
Makefile:121: recipe for target 'cmTC_629a5/fast' failed
make: *** [cmTC_629a5/fast] Error 2

File /opt/svyazcom/ss7_dmp_cnora/ss7_dmp/ss7Cnora_build/CMakeFiles/CMakeTmp/CheckSymbolExists.c:
/* */
#include <pthread.h>

int main(int argc, char** argv)
{
  (void)argv;
#ifndef pthread_create
  return ((int*)(&pthread_create))[argc];
#else
  (void)argc;
  return 0;
#endif
}

Determining if the function pthread_create exists in the pthreads failed with the following output:
Change Dir: /opt/svyazcom/ss7_dmp_cnora/ss7_dmp/ss7Cnora_build/CMakeFiles/CMakeTmp

Run Build Command:"/usr/bin/make" "cmTC_22517/fast"
/usr/bin/make -f CMakeFiles/cmTC_22517.dir/build.make CMakeFiles/cmTC_22517.dir/build
make[1]: Entering directory '/opt/svyazcom/ss7_dmp_cnora/ss7_dmp/ss7Cnora_build/CMakeFiles/CMakeTmp'
Building C object CMakeFiles/cmTC_22517.dir/CheckFunctionExists.c.o
/usr/bin/gcc   -DCHECK_FUNCTION_EXISTS=pthread_create   -o CMakeFiles/cmTC_22517.dir/CheckFunctionExists.c.o   -c /home/maxim/Downloads/cmake-3.12.0/Modules/CheckFunctionExists.c
Linking C executable cmTC_22517
/home/maxim/Downloads/cmake-3.12.0/bin/cmake -E cmake_link_script CMakeFiles/cmTC_22517.dir/link.txt --verbose=1
/usr/bin/gcc  -DCHECK_FUNCTION_EXISTS=pthread_create    -rdynamic CMakeFiles/cmTC_22517.dir/CheckFunctionExists.c.o  -o cmTC_22517 -lpthreads 
/usr/bin/x86_64-linux-gnu-ld: cannot find -lpthreads
collect2: error: ld returned 1 exit status
CMakeFiles/cmTC_22517.dir/build.make:86: recipe for target 'cmTC_22517' failed
make[1]: *** [cmTC_22517] Error 1
make[1]: Leaving directory '/opt/svyazcom/ss7_dmp_cnora/ss7_dmp/ss7Cnora_build/CMakeFiles/CMakeTmp'
Makefile:121: recipe for target 'cmTC_22517/fast' failed
make: *** [cmTC_22517/fast] Error 2


